<?xml version="1.0" encoding="UTF-8"?>
<!-- Generated by org.testng.reporters.JUnitReportReporter -->
<testsuite hostname="LT322" failures="0" tests="1" name="TestCases.TestCasePrice" time="24.633" errors="0" timestamp="2022-07-01T01:52:51 IST" skipped="0">
  <testcase classname="TestCases.TestCasePrice" name="priceCalculation" time="24.633"/>
  <system-out/>
</testsuite> <!-- TestCases.TestCasePrice -->
