<?xml version="1.0" encoding="UTF-8"?>
<!-- Generated by org.testng.reporters.JUnitReportReporter -->
<testsuite hostname="LT322" failures="0" tests="1" name="TestCases.TestCaseUpdate" time="30.457" errors="0" timestamp="2022-06-30T18:30:20 IST" skipped="0">
  <testcase classname="TestCases.TestCaseUpdate" name="priceCalculation" time="30.457"/>
  <system-out/>
</testsuite> <!-- TestCases.TestCaseUpdate -->
