<?xml version="1.0" encoding="UTF-8"?>
<!-- Generated by org.testng.reporters.JUnitReportReporter -->
<testsuite hostname="LT322" failures="0" tests="1" name="TestCases.TestCasePrice" time="31.669" errors="0" timestamp="2022-07-01T13:50:56 IST" skipped="0">
  <testcase classname="TestCases.TestCasePrice" name="updateCustomerInfo" time="31.669"/>
  <system-out/>
</testsuite> <!-- TestCases.TestCasePrice -->
